==2929== Memcheck, a memory error detector
==2929== Copyright (C) 2002-2017, and GNU GPL'd, by Julian Seward et al.
==2929== Using Valgrind-3.13.0 and LibVEX; rerun with -h for copyright info
==2929== Command: /Appsec/Appsec/test2_main
==2929== Parent PID: 1
==2929== 
--2929-- 
--2929-- Valgrind options:
--2929--    -v
--2929--    --tool=memcheck
--2929--    --leak-check=full
--2929--    --num-callers=40
--2929--    --log-file=valgrind.log
--2929-- Contents of /proc/version:
--2929--   Linux version 4.14.79-boot2docker (root@5ce219ef6d66) (gcc version 6.3.0 20170516 (Debian 6.3.0-18+deb9u1)) #1 SMP Thu Nov 8 01:56:42 UTC 2018
--2929-- 
--2929-- Arch and hwcaps: AMD64, LittleEndian, amd64-cx16-lzcnt-rdtscp-sse3-avx-avx2
--2929-- Page sizes: currently 4096, max supported 4096
--2929-- Valgrind library directory: /usr/lib/valgrind
--2929-- Reading syms from /Appsec/Appsec/test2_main
--2929-- Reading syms from /lib/x86_64-linux-gnu/ld-2.27.so
--2929--   Considering /lib/x86_64-linux-gnu/ld-2.27.so ..
--2929--   .. CRC mismatch (computed 1b7c895e wanted 2943108a)
--2929--   Considering /usr/lib/debug/lib/x86_64-linux-gnu/ld-2.27.so ..
--2929--   .. CRC is valid
--2929-- Reading syms from /usr/lib/valgrind/memcheck-amd64-linux
--2929--   Considering /usr/lib/valgrind/memcheck-amd64-linux ..
--2929--   .. CRC mismatch (computed c25f395c wanted 0a9602a8)
--2929--    object doesn't have a symbol table
--2929--    object doesn't have a dynamic symbol table
--2929-- Scheduler: using generic scheduler lock implementation.
--2929-- Reading suppressions file: /usr/lib/valgrind/default.supp
==2929== embedded gdbserver: reading from /tmp/vgdb-pipe-from-vgdb-to-2929-by-???-on-0ea950e6fe0f
==2929== embedded gdbserver: writing to   /tmp/vgdb-pipe-to-vgdb-from-2929-by-???-on-0ea950e6fe0f
==2929== embedded gdbserver: shared mem   /tmp/vgdb-pipe-shared-mem-vgdb-2929-by-???-on-0ea950e6fe0f
==2929== 
==2929== TO CONTROL THIS PROCESS USING vgdb (which you probably
==2929== don't want to do, unless you know exactly what you're doing,
==2929== or are doing some strange experiment):
==2929==   /usr/lib/valgrind/../../bin/vgdb --pid=2929 ...command...
==2929== 
==2929== TO DEBUG THIS PROCESS USING GDB: start GDB like this
==2929==   /path/to/gdb /Appsec/Appsec/test2_main
==2929== and then give GDB the following command
==2929==   target remote | /usr/lib/valgrind/../../bin/vgdb --pid=2929
==2929== --pid is optional if only one valgrind process is running
==2929== 
--2929-- REDIR: 0x401f2f0 (ld-linux-x86-64.so.2:strlen) redirected to 0x58060901 (???)
--2929-- REDIR: 0x401f0d0 (ld-linux-x86-64.so.2:index) redirected to 0x5806091b (???)
--2929-- Reading syms from /usr/lib/valgrind/vgpreload_core-amd64-linux.so
--2929--   Considering /usr/lib/valgrind/vgpreload_core-amd64-linux.so ..
--2929--   .. CRC mismatch (computed 4b63d83e wanted 670599e6)
--2929--    object doesn't have a symbol table
--2929-- Reading syms from /usr/lib/valgrind/vgpreload_memcheck-amd64-linux.so
--2929--   Considering /usr/lib/valgrind/vgpreload_memcheck-amd64-linux.so ..
--2929--   .. CRC mismatch (computed a4b37bee wanted 8ad4dc94)
--2929--    object doesn't have a symbol table
==2929== WARNING: new redirection conflicts with existing -- ignoring it
--2929--     old: 0x0401f2f0 (strlen              ) R-> (0000.0) 0x58060901 ???
--2929--     new: 0x0401f2f0 (strlen              ) R-> (2007.0) 0x04c32db0 strlen
--2929-- REDIR: 0x401d360 (ld-linux-x86-64.so.2:strcmp) redirected to 0x4c33ee0 (strcmp)
--2929-- REDIR: 0x401f830 (ld-linux-x86-64.so.2:mempcpy) redirected to 0x4c374f0 (mempcpy)
--2929-- Reading syms from /lib/x86_64-linux-gnu/libm-2.27.so
--2929--   Considering /lib/x86_64-linux-gnu/libm-2.27.so ..
--2929--   .. CRC mismatch (computed 7feae033 wanted b29b2508)
--2929--   Considering /usr/lib/debug/lib/x86_64-linux-gnu/libm-2.27.so ..
--2929--   .. CRC is valid
--2929-- Reading syms from /lib/x86_64-linux-gnu/librt-2.27.so
--2929--   Considering /lib/x86_64-linux-gnu/librt-2.27.so ..
--2929--   .. CRC mismatch (computed 16979484 wanted f9e041e3)
--2929--   Considering /usr/lib/debug/lib/x86_64-linux-gnu/librt-2.27.so ..
--2929--   .. CRC is valid
--2929-- Reading syms from /lib/x86_64-linux-gnu/libpthread-2.27.so
--2929--   Considering /usr/lib/debug/.build-id/28/c6aade70b2d40d1f0f3d0a1a0cad1ab816448f.debug ..
--2929--   .. build-id is valid
--2929-- Reading syms from /usr/lib/x86_64-linux-gnu/libsubunit.so.0.0.0
--2929--    object doesn't have a symbol table
--2929-- Reading syms from /lib/x86_64-linux-gnu/libc-2.27.so
--2929--   Considering /lib/x86_64-linux-gnu/libc-2.27.so ..
--2929--   .. CRC mismatch (computed b1c74187 wanted 042cc048)
--2929--   Considering /usr/lib/debug/lib/x86_64-linux-gnu/libc-2.27.so ..
--2929--   .. CRC is valid
--2929-- REDIR: 0x58a1c70 (libc.so.6:memmove) redirected to 0x4a2a6e0 (_vgnU_ifunc_wrapper)
--2929-- REDIR: 0x58a0d40 (libc.so.6:strncpy) redirected to 0x4a2a6e0 (_vgnU_ifunc_wrapper)
--2929-- REDIR: 0x58a1f50 (libc.so.6:strcasecmp) redirected to 0x4a2a6e0 (_vgnU_ifunc_wrapper)
--2929-- REDIR: 0x58a0790 (libc.so.6:strcat) redirected to 0x4a2a6e0 (_vgnU_ifunc_wrapper)
--2929-- REDIR: 0x58a0d70 (libc.so.6:rindex) redirected to 0x4a2a6e0 (_vgnU_ifunc_wrapper)
--2929-- REDIR: 0x58a37c0 (libc.so.6:rawmemchr) redirected to 0x4a2a6e0 (_vgnU_ifunc_wrapper)
--2929-- REDIR: 0x58a1de0 (libc.so.6:mempcpy) redirected to 0x4a2a6e0 (_vgnU_ifunc_wrapper)
--2929-- REDIR: 0x58a1c10 (libc.so.6:bcmp) redirected to 0x4a2a6e0 (_vgnU_ifunc_wrapper)
--2929-- REDIR: 0x58a0d00 (libc.so.6:strncmp) redirected to 0x4a2a6e0 (_vgnU_ifunc_wrapper)
--2929-- REDIR: 0x58a0800 (libc.so.6:strcmp) redirected to 0x4a2a6e0 (_vgnU_ifunc_wrapper)
--2929-- REDIR: 0x58a1d40 (libc.so.6:memset) redirected to 0x4a2a6e0 (_vgnU_ifunc_wrapper)
--2929-- REDIR: 0x58bf0f0 (libc.so.6:wcschr) redirected to 0x4a2a6e0 (_vgnU_ifunc_wrapper)
--2929-- REDIR: 0x58a0ca0 (libc.so.6:strnlen) redirected to 0x4a2a6e0 (_vgnU_ifunc_wrapper)
--2929-- REDIR: 0x58a0870 (libc.so.6:strcspn) redirected to 0x4a2a6e0 (_vgnU_ifunc_wrapper)
--2929-- REDIR: 0x58a1fa0 (libc.so.6:strncasecmp) redirected to 0x4a2a6e0 (_vgnU_ifunc_wrapper)
--2929-- REDIR: 0x58a0840 (libc.so.6:strcpy) redirected to 0x4a2a6e0 (_vgnU_ifunc_wrapper)
--2929-- REDIR: 0x58a20e0 (libc.so.6:memcpy@@GLIBC_2.14) redirected to 0x4a2a6e0 (_vgnU_ifunc_wrapper)
--2929-- REDIR: 0x58a0da0 (libc.so.6:strpbrk) redirected to 0x4a2a6e0 (_vgnU_ifunc_wrapper)
--2929-- REDIR: 0x58a07c0 (libc.so.6:index) redirected to 0x4a2a6e0 (_vgnU_ifunc_wrapper)
--2929-- REDIR: 0x58a0c70 (libc.so.6:strlen) redirected to 0x4a2a6e0 (_vgnU_ifunc_wrapper)
--2929-- REDIR: 0x58ab6c0 (libc.so.6:memrchr) redirected to 0x4a2a6e0 (_vgnU_ifunc_wrapper)
--2929-- REDIR: 0x58a1ff0 (libc.so.6:strcasecmp_l) redirected to 0x4a2a6e0 (_vgnU_ifunc_wrapper)
--2929-- REDIR: 0x58a1be0 (libc.so.6:memchr) redirected to 0x4a2a6e0 (_vgnU_ifunc_wrapper)
--2929-- REDIR: 0x58bfeb0 (libc.so.6:wcslen) redirected to 0x4a2a6e0 (_vgnU_ifunc_wrapper)
--2929-- REDIR: 0x58a1050 (libc.so.6:strspn) redirected to 0x4a2a6e0 (_vgnU_ifunc_wrapper)
--2929-- REDIR: 0x58a1f20 (libc.so.6:stpncpy) redirected to 0x4a2a6e0 (_vgnU_ifunc_wrapper)
--2929-- REDIR: 0x58a1ef0 (libc.so.6:stpcpy) redirected to 0x4a2a6e0 (_vgnU_ifunc_wrapper)
--2929-- REDIR: 0x58a37f0 (libc.so.6:strchrnul) redirected to 0x4a2a6e0 (_vgnU_ifunc_wrapper)
--2929-- REDIR: 0x58a2040 (libc.so.6:strncasecmp_l) redirected to 0x4a2a6e0 (_vgnU_ifunc_wrapper)
--2929-- REDIR: 0x59913c0 (libc.so.6:__strrchr_avx2) redirected to 0x4c32730 (rindex)
--2929-- REDIR: 0x589a070 (libc.so.6:malloc) redirected to 0x4c2faa0 (malloc)
--2929-- REDIR: 0x5991590 (libc.so.6:__strlen_avx2) redirected to 0x4c32cf0 (strlen)
--2929-- REDIR: 0x589bc30 (libc.so.6:realloc) redirected to 0x4c31cb0 (realloc)
--2929-- REDIR: 0x5988510 (libc.so.6:__strncmp_sse42) redirected to 0x4c33570 (__strncmp_sse42)
--2929-- REDIR: 0x59911d0 (libc.so.6:__strchrnul_avx2) redirected to 0x4c37020 (strchrnul)
--2929-- REDIR: 0x589a950 (libc.so.6:free) redirected to 0x4c30cd0 (free)
--2929-- REDIR: 0x5991ab0 (libc.so.6:__mempcpy_avx_unaligned_erms) redirected to 0x4c37130 (mempcpy)
--2930-- REDIR: 0x5991ad0 (libc.so.6:__memcpy_avx_unaligned_erms) redirected to 0x4c366e0 (memmove)
--2930-- REDIR: 0x58a1590 (libc.so.6:__GI_strstr) redirected to 0x4c37760 (__strstr_sse2)
--2930-- REDIR: 0x598d420 (libc.so.6:__memchr_avx2) redirected to 0x4c33f80 (memchr)
--2930-- REDIR: 0x598d300 (libc.so.6:__strspn_sse42) redirected to 0x4c37990 (strspn)
--2930-- REDIR: 0x597e950 (libc.so.6:__strcpy_ssse3) redirected to 0x4c32dd0 (strcpy)
--2930-- REDIR: 0x598d070 (libc.so.6:__strcspn_sse42) redirected to 0x4c378d0 (strcspn)
==2930== embedded gdbserver: reading from /tmp/vgdb-pipe-from-vgdb-to-2930-by-???-on-0ea950e6fe0f
==2930== embedded gdbserver: writing to   /tmp/vgdb-pipe-to-vgdb-from-2930-by-???-on-0ea950e6fe0f
==2930== embedded gdbserver: shared mem   /tmp/vgdb-pipe-shared-mem-vgdb-2930-by-???-on-0ea950e6fe0f
==2930== 
==2930== TO CONTROL THIS PROCESS USING vgdb (which you probably
==2930== don't want to do, unless you know exactly what you're doing,
==2930== or are doing some strange experiment):
==2930==   /usr/lib/valgrind/../../bin/vgdb --pid=2930 ...command...
==2930== 
==2930== TO DEBUG THIS PROCESS USING GDB: start GDB like this
==2930==   /path/to/gdb /Appsec/Appsec/test2_main
==2930== and then give GDB the following command
==2930==   target remote | /usr/lib/valgrind/../../bin/vgdb --pid=2930
==2930== --pid is optional if only one valgrind process is running
==2930== 
--2930-- REDIR: 0x596cd60 (libc.so.6:__strcmp_ssse3) redirected to 0x4c33da0 (strcmp)
==2930== 
==2930== HEAP SUMMARY:
==2930==     in use at exit: 6,896,428 bytes in 123,157 blocks
==2930==   total heap usage: 123,173 allocs, 16 frees, 6,906,447 bytes allocated
==2930== 
==2930== Searching for pointers to 123,157 not-freed blocks
==2930== Checked 114,008 bytes
==2930== 
==2930== 7,168 bytes in 128 blocks are definitely lost in loss record 27 of 30
==2930==    at 0x4C2FB0F: malloc (in /usr/lib/valgrind/vgpreload_memcheck-amd64-linux.so)
==2930==    by 0x10A9AF: load_dictionary (in /Appsec/Appsec/test2_main)
==2930==    by 0x109DFB: test_check_word_normal (in /Appsec/Appsec/test2_main)
==2930==    by 0x10D965: srunner_run (in /Appsec/Appsec/test2_main)
==2930==    by 0x10A5DB: main (in /Appsec/Appsec/test2_main)
==2930== 
==2930== 6,888,168 (98,392 direct, 6,789,776 indirect) bytes in 1,757 blocks are definitely lost in loss record 30 of 30
==2930==    at 0x4C2FB0F: malloc (in /usr/lib/valgrind/vgpreload_memcheck-amd64-linux.so)
==2930==    by 0x10AA24: load_dictionary (in /Appsec/Appsec/test2_main)
==2930==    by 0x109DFB: test_check_word_normal (in /Appsec/Appsec/test2_main)
==2930==    by 0x10D965: srunner_run (in /Appsec/Appsec/test2_main)
==2930==    by 0x10A5DB: main (in /Appsec/Appsec/test2_main)
==2930== 
==2930== LEAK SUMMARY:
==2930==    definitely lost: 105,560 bytes in 1,885 blocks
==2930==    indirectly lost: 6,789,776 bytes in 121,246 blocks
==2930==      possibly lost: 0 bytes in 0 blocks
==2930==    still reachable: 1,092 bytes in 26 blocks
==2930==         suppressed: 0 bytes in 0 blocks
==2930== Reachable blocks (those to which a pointer was found) are not shown.
==2930== To see them, rerun with: --leak-check=full --show-leak-kinds=all
==2930== 
==2930== ERROR SUMMARY: 2 errors from 2 contexts (suppressed: 0 from 0)
==2930== ERROR SUMMARY: 2 errors from 2 contexts (suppressed: 0 from 0)
--2929-- REDIR: 0x5991ad0 (libc.so.6:__memcpy_avx_unaligned_erms) redirected to 0x4c366e0 (memmove)
--2931-- REDIR: 0x58a1590 (libc.so.6:__GI_strstr) redirected to 0x4c37760 (__strstr_sse2)
--2931-- REDIR: 0x598d420 (libc.so.6:__memchr_avx2) redirected to 0x4c33f80 (memchr)
--2931-- REDIR: 0x598d300 (libc.so.6:__strspn_sse42) redirected to 0x4c37990 (strspn)
--2931-- REDIR: 0x597e950 (libc.so.6:__strcpy_ssse3) redirected to 0x4c32dd0 (strcpy)
--2931-- REDIR: 0x598d070 (libc.so.6:__strcspn_sse42) redirected to 0x4c378d0 (strcspn)
==2931== embedded gdbserver: reading from /tmp/vgdb-pipe-from-vgdb-to-2931-by-???-on-0ea950e6fe0f
==2931== embedded gdbserver: writing to   /tmp/vgdb-pipe-to-vgdb-from-2931-by-???-on-0ea950e6fe0f
==2931== embedded gdbserver: shared mem   /tmp/vgdb-pipe-shared-mem-vgdb-2931-by-???-on-0ea950e6fe0f
==2931== 
==2931== TO CONTROL THIS PROCESS USING vgdb (which you probably
==2931== don't want to do, unless you know exactly what you're doing,
==2931== or are doing some strange experiment):
==2931==   /usr/lib/valgrind/../../bin/vgdb --pid=2931 ...command...
==2931== 
==2931== TO DEBUG THIS PROCESS USING GDB: start GDB like this
==2931==   /path/to/gdb /Appsec/Appsec/test2_main
==2931== and then give GDB the following command
==2931==   target remote | /usr/lib/valgrind/../../bin/vgdb --pid=2931
==2931== --pid is optional if only one valgrind process is running
==2931== 
--2931-- REDIR: 0x596cd60 (libc.so.6:__strcmp_ssse3) redirected to 0x4c33da0 (strcmp)
==2931== 
==2931== HEAP SUMMARY:
==2931==     in use at exit: 6,897,620 bytes in 123,173 blocks
==2931==   total heap usage: 123,225 allocs, 52 frees, 6,925,248 bytes allocated
==2931== 
==2931== Searching for pointers to 123,173 not-freed blocks
==2931== Checked 114,408 bytes
==2931== 
==2931== 564 bytes in 12 blocks are definitely lost in loss record 31 of 35
==2931==    at 0x4C2FB0F: malloc (in /usr/lib/valgrind/vgpreload_memcheck-amd64-linux.so)
==2931==    by 0x10A7D3: check_words (in /Appsec/Appsec/test2_main)
==2931==    by 0x10A012: test_check_words_normal (in /Appsec/Appsec/test2_main)
==2931==    by 0x10D965: srunner_run (in /Appsec/Appsec/test2_main)
==2931==    by 0x10A5DB: main (in /Appsec/Appsec/test2_main)
==2931== 
==2931== 7,168 bytes in 128 blocks are definitely lost in loss record 32 of 35
==2931==    at 0x4C2FB0F: malloc (in /usr/lib/valgrind/vgpreload_memcheck-amd64-linux.so)
==2931==    by 0x10A9AF: load_dictionary (in /Appsec/Appsec/test2_main)
==2931==    by 0x109F30: test_check_words_normal (in /Appsec/Appsec/test2_main)
==2931==    by 0x10D965: srunner_run (in /Appsec/Appsec/test2_main)
==2931==    by 0x10A5DB: main (in /Appsec/Appsec/test2_main)
==2931== 
==2931== 6,888,168 (98,392 direct, 6,789,776 indirect) bytes in 1,757 blocks are definitely lost in loss record 35 of 35
==2931==    at 0x4C2FB0F: malloc (in /usr/lib/valgrind/vgpreload_memcheck-amd64-linux.so)
==2931==    by 0x10AA24: load_dictionary (in /Appsec/Appsec/test2_main)
==2931==    by 0x109F30: test_check_words_normal (in /Appsec/Appsec/test2_main)
==2931==    by 0x10D965: srunner_run (in /Appsec/Appsec/test2_main)
==2931==    by 0x10A5DB: main (in /Appsec/Appsec/test2_main)
==2931== 
==2931== LEAK SUMMARY:
==2931==    definitely lost: 106,124 bytes in 1,897 blocks
==2931==    indirectly lost: 6,789,776 bytes in 121,246 blocks
==2931==      possibly lost: 0 bytes in 0 blocks
==2931==    still reachable: 1,720 bytes in 30 blocks
==2931==         suppressed: 0 bytes in 0 blocks
==2931== Reachable blocks (those to which a pointer was found) are not shown.
==2931== To see them, rerun with: --leak-check=full --show-leak-kinds=all
==2931== 
==2931== ERROR SUMMARY: 3 errors from 3 contexts (suppressed: 0 from 0)
==2931== ERROR SUMMARY: 3 errors from 3 contexts (suppressed: 0 from 0)
==2929== 
==2929== HEAP SUMMARY:
==2929==     in use at exit: 0 bytes in 0 blocks
==2929==   total heap usage: 84 allocs, 84 frees, 28,950 bytes allocated
==2929== 
==2929== All heap blocks were freed -- no leaks are possible
==2929== 
==2929== ERROR SUMMARY: 0 errors from 0 contexts (suppressed: 0 from 0)
==2929== ERROR SUMMARY: 0 errors from 0 contexts (suppressed: 0 from 0)
